c:\users\kevin\source\repos\labsheet 7\labsheet 7\debug\vc142.pdb
c:\users\kevin\source\repos\labsheet 7\labsheet 7\debug\vc142.idb
c:\users\kevin\source\repos\labsheet 7\labsheet 7\debug\part3.obj
c:\users\kevin\source\repos\labsheet 7\labsheet 7\debug\part2.obj
c:\users\kevin\source\repos\labsheet 7\labsheet 7\debug\part1.obj
c:\users\kevin\source\repos\labsheet 7\labsheet 7\debug\part5.obj
c:\users\kevin\source\repos\labsheet 7\labsheet 7\debug\part4.obj
c:\users\kevin\source\repos\labsheet 7\labsheet 7\debug\part6.obj
c:\users\kevin\source\repos\labsheet 7\labsheet 7\debug\part8.obj
c:\users\kevin\source\repos\labsheet 7\labsheet 7\debug\part7.obj
c:\users\kevin\source\repos\labsheet 7\labsheet 7\debug\part9.obj
c:\users\kevin\source\repos\labsheet 7\labsheet 7\debug\part11.obj
c:\users\kevin\source\repos\labsheet 7\labsheet 7\debug\part10.obj
c:\users\kevin\source\repos\labsheet 7\labsheet 7\debug\part12.obj
c:\users\kevin\source\repos\labsheet 7\labsheet 7\debug\part13.obj
c:\users\kevin\source\repos\labsheet 7\debug\labsheet 7.exe
c:\users\kevin\source\repos\labsheet 7\debug\labsheet 7.ilk
c:\users\kevin\source\repos\labsheet 7\debug\labsheet 7.pdb
c:\users\kevin\source\repos\labsheet 7\labsheet 7\debug\part10.obj.enc
c:\users\kevin\source\repos\labsheet 7\labsheet 7\debug\labsheet 7.tlog\cl.command.1.tlog
c:\users\kevin\source\repos\labsheet 7\labsheet 7\debug\labsheet 7.tlog\cl.read.1.tlog
c:\users\kevin\source\repos\labsheet 7\labsheet 7\debug\labsheet 7.tlog\cl.write.1.tlog
c:\users\kevin\source\repos\labsheet 7\labsheet 7\debug\labsheet 7.tlog\link.command.1.tlog
c:\users\kevin\source\repos\labsheet 7\labsheet 7\debug\labsheet 7.tlog\link.read.1.tlog
c:\users\kevin\source\repos\labsheet 7\labsheet 7\debug\labsheet 7.tlog\link.write.1.tlog
