c:\users\kevin\source\repos\labsheet 9\labsheet 9\debug\vc142.pdb
c:\users\kevin\source\repos\labsheet 9\labsheet 9\debug\vc142.idb
c:\users\kevin\source\repos\labsheet 9\labsheet 9\debug\main2.obj
c:\users\kevin\source\repos\labsheet 9\labsheet 9\debug\main.obj
c:\users\kevin\source\repos\labsheet 9\labsheet 9\debug\q2.obj
c:\users\kevin\source\repos\labsheet 9\labsheet 9\debug\q1.obj
c:\users\kevin\source\repos\labsheet 9\labsheet 9\debug\q3.obj
c:\users\kevin\source\repos\labsheet 9\labsheet 9\debug\q4.obj
c:\users\kevin\source\repos\labsheet 9\labsheet 9\debug\q5.obj
c:\users\kevin\source\repos\labsheet 9\labsheet 9\debug\q6.obj
c:\users\kevin\source\repos\labsheet 9\labsheet 9\debug\q7.obj
c:\users\kevin\source\repos\labsheet 9\labsheet 9\debug\q8.obj
c:\users\kevin\source\repos\labsheet 9\labsheet 9\debug\q9.obj
c:\users\kevin\source\repos\labsheet 9\labsheet 9\debug\q10.obj
c:\users\kevin\source\repos\labsheet 9\labsheet 9\debug\q11.obj
c:\users\kevin\source\repos\labsheet 9\labsheet 9\debug\q12.obj
c:\users\kevin\source\repos\labsheet 9\debug\labsheet 9.exe
c:\users\kevin\source\repos\labsheet 9\debug\labsheet 9.ilk
c:\users\kevin\source\repos\labsheet 9\debug\labsheet 9.pdb
c:\users\kevin\source\repos\labsheet 9\labsheet 9\debug\q12.obj.enc
c:\users\kevin\source\repos\labsheet 9\labsheet 9\debug\q3.obj.enc
c:\users\kevin\source\repos\labsheet 9\labsheet 9\debug\labsheet 9.tlog\cl.command.1.tlog
c:\users\kevin\source\repos\labsheet 9\labsheet 9\debug\labsheet 9.tlog\cl.read.1.tlog
c:\users\kevin\source\repos\labsheet 9\labsheet 9\debug\labsheet 9.tlog\cl.write.1.tlog
c:\users\kevin\source\repos\labsheet 9\labsheet 9\debug\labsheet 9.tlog\link.command.1.tlog
c:\users\kevin\source\repos\labsheet 9\labsheet 9\debug\labsheet 9.tlog\link.read.1.tlog
c:\users\kevin\source\repos\labsheet 9\labsheet 9\debug\labsheet 9.tlog\link.write.1.tlog
